Performing C SOURCE FILE Test CMAKE_HAVE_LIBC_PTHREAD failed with the following output:
Change Dir: /home/notdave/comp362/HernandezJamieLab07/build/CMakeFiles/CMakeTmp

Run Build Command(s):/usr/bin/gmake cmTC_dbbcc/fast && /usr/bin/gmake  -f CMakeFiles/cmTC_dbbcc.dir/build.make CMakeFiles/cmTC_dbbcc.dir/build
gmake[1]: Entering directory '/home/notdave/comp362/HernandezJamieLab07/build/CMakeFiles/CMakeTmp'
Building C object CMakeFiles/cmTC_dbbcc.dir/src.c.o
/usr/bin/cc   -D_FILE_OFFSET_BITS=64 -DCMAKE_HAVE_LIBC_PTHREAD -std=gnu11 -o CMakeFiles/cmTC_dbbcc.dir/src.c.o -c /home/notdave/comp362/HernandezJamieLab07/build/CMakeFiles/CMakeTmp/src.c
Linking C executable cmTC_dbbcc
/usr/bin/cmake -E cmake_link_script CMakeFiles/cmTC_dbbcc.dir/link.txt --verbose=1
/usr/bin/cc  -D_FILE_OFFSET_BITS=64 -DCMAKE_HAVE_LIBC_PTHREAD CMakeFiles/cmTC_dbbcc.dir/src.c.o -o cmTC_dbbcc 
/usr/bin/ld: CMakeFiles/cmTC_dbbcc.dir/src.c.o: in function `main':
src.c:(.text+0x46): undefined reference to `pthread_create'
/usr/bin/ld: src.c:(.text+0x52): undefined reference to `pthread_detach'
/usr/bin/ld: src.c:(.text+0x5e): undefined reference to `pthread_cancel'
/usr/bin/ld: src.c:(.text+0x6f): undefined reference to `pthread_join'
collect2: error: ld returned 1 exit status
gmake[1]: *** [CMakeFiles/cmTC_dbbcc.dir/build.make:106: cmTC_dbbcc] Error 1
gmake[1]: Leaving directory '/home/notdave/comp362/HernandezJamieLab07/build/CMakeFiles/CMakeTmp'
gmake: *** [Makefile:140: cmTC_dbbcc/fast] Error 2


Source file was:
#include <pthread.h>

void* test_func(void* data)
{
  return data;
}

int main(void)
{
  pthread_t thread;
  pthread_create(&thread, NULL, test_func, NULL);
  pthread_detach(thread);
  pthread_cancel(thread);
  pthread_join(thread, NULL);
  pthread_atfork(NULL, NULL, NULL);
  pthread_exit(NULL);

  return 0;
}

Determining if the function pthread_create exists in the pthreads failed with the following output:
Change Dir: /home/notdave/comp362/HernandezJamieLab07/build/CMakeFiles/CMakeTmp

Run Build Command(s):/usr/bin/gmake cmTC_802eb/fast && /usr/bin/gmake  -f CMakeFiles/cmTC_802eb.dir/build.make CMakeFiles/cmTC_802eb.dir/build
gmake[1]: Entering directory '/home/notdave/comp362/HernandezJamieLab07/build/CMakeFiles/CMakeTmp'
Building C object CMakeFiles/cmTC_802eb.dir/CheckFunctionExists.c.o
/usr/bin/cc   -D_FILE_OFFSET_BITS=64 -DCHECK_FUNCTION_EXISTS=pthread_create -std=gnu11 -o CMakeFiles/cmTC_802eb.dir/CheckFunctionExists.c.o -c /usr/share/cmake-3.18/Modules/CheckFunctionExists.c
Linking C executable cmTC_802eb
/usr/bin/cmake -E cmake_link_script CMakeFiles/cmTC_802eb.dir/link.txt --verbose=1
/usr/bin/cc  -D_FILE_OFFSET_BITS=64 -DCHECK_FUNCTION_EXISTS=pthread_create CMakeFiles/cmTC_802eb.dir/CheckFunctionExists.c.o -o cmTC_802eb  -lpthreads 
/usr/bin/ld: cannot find -lpthreads
collect2: error: ld returned 1 exit status
gmake[1]: *** [CMakeFiles/cmTC_802eb.dir/build.make:106: cmTC_802eb] Error 1
gmake[1]: Leaving directory '/home/notdave/comp362/HernandezJamieLab07/build/CMakeFiles/CMakeTmp'
gmake: *** [Makefile:140: cmTC_802eb/fast] Error 2



